<?xml version="1.0" encoding="UTF-8"?>
<!-- Generated by org.testng.reporters.JUnitReportReporter -->
<testsuite hostname="Lenovo" failures="0" tests="1" name="test.LoginTest" time="9.949" errors="0" timestamp="2024-01-27T22:12:57 IST" skipped="0">
  <testcase classname="test.LoginTest" name="VerifyIfUserIsAbleToAddProductIntoCartFromProductDiscriptionPage" time="9.949"/>
</testsuite> <!-- test.LoginTest -->
