<?xml version="1.0" encoding="UTF-8"?>
<!-- Generated by org.testng.reporters.JUnitReportReporter -->
<testsuite hostname="Lenovo" failures="0" tests="10" name="test.Swag_LabsTest" time="115.359" errors="0" timestamp="2024-01-28T13:39:23 IST" skipped="0">
  <testcase classname="test.Swag_LabsTest" name="VerifyIfUserIsAbleToAddTheProductIntoCart" time="7.788"/>
  <testcase classname="test.Swag_LabsTest" name="VerifyIfUserIsAbleToaddTheMultipleProductIntoCart" time="14.849"/>
  <testcase classname="test.Swag_LabsTest" name="VerifyIfUserIsAbleToRemoveProductFromCart" time="7.546"/>
  <testcase classname="test.Swag_LabsTest" name="VerifyIfTheDetailsOnCartPageIsSimilarToPdp" time="7.693"/>
  <testcase classname="test.Swag_LabsTest" name="VerifyIfUserIsAbleToEnterThePersonalInformation" time="15.914"/>
  <testcase classname="test.Swag_LabsTest" name="VerifyIfUserIsAbleToOrderTheProductSucessfully" time="19.035"/>
  <testcase classname="test.Swag_LabsTest" name="VerifyIfUserIsAbleToCancelTheOrder" time="10.174"/>
  <testcase classname="test.Swag_LabsTest" name="VerifyIfUserIsAbleToOrderTheMultipleProduct" time="12.338"/>
  <testcase classname="test.Swag_LabsTest" name="verifyIfAdditonOfMultipleProductPriceIsEqualToTotalPrice" time="7.240"/>
  <testcase classname="test.Swag_LabsTest" name="VerifyIfUserIsAbleToAddProductIntoCartFromProductDiscriptionPage" time="12.782"/>
</testsuite> <!-- test.Swag_LabsTest -->
